[debug] [2023-06-16T06:56:46.618Z] ----------------------------------------------------------------------
[debug] [2023-06-16T06:56:46.621Z] Command:       C:\Program Files\nodejs\node.exe C:\Users\onur.aldemir\AppData\Roaming\npm\node_modules\firebase-tools\lib\bin\firebase.js init
[debug] [2023-06-16T06:56:46.622Z] CLI Version:   12.3.1
[debug] [2023-06-16T06:56:46.622Z] Platform:      win32
[debug] [2023-06-16T06:56:46.622Z] Node Version:  v18.16.0
[debug] [2023-06-16T06:56:46.624Z] Time:          Fri Jun 16 2023 09:56:46 GMT+0300 (GMT+03:00)
[debug] [2023-06-16T06:56:46.624Z] ----------------------------------------------------------------------
[debug] 
[debug] [2023-06-16T06:56:46.713Z] > command requires scopes: ["email","openid","https://www.googleapis.com/auth/cloudplatformprojects.readonly","https://www.googleapis.com/auth/firebase","https://www.googleapis.com/auth/cloud-platform"]
[debug] [2023-06-16T06:56:46.714Z] > authorizing via signed-in user (10onur12@gmail.com)
[info] 
     ######## #### ########  ######## ########     ###     ######  ########
     ##        ##  ##     ## ##       ##     ##  ##   ##  ##       ##
     ######    ##  ########  ######   ########  #########  ######  ######
     ##        ##  ##    ##  ##       ##     ## ##     ##       ## ##
     ##       #### ##     ## ######## ########  ##     ##  ######  ########

You're about to initialize a Firebase project in this directory:

  D:\dashboard\Private

Before we get started, keep in mind:

  * You are initializing within an existing Firebase project directory

